0 info it worked if it ends with ok
1 verbose cli [ '/usr/local/Cellar/node/0.10.21/bin/node',
1 verbose cli   '/usr/local/bin/npm',
1 verbose cli   'install' ]
2 info using npm@1.3.11
3 info using node@v0.10.21
4 error install Couldn't read dependencies
5 error Error: ENOENT, open '/Users/izqui/Dropbox/Projects/WakeUp/plugins/soundcloud/package.json'
6 error If you need help, you may report this log at:
6 error     <http://github.com/isaacs/npm/issues>
6 error or email it to:
6 error     <npm-@googlegroups.com>
7 error System Darwin 13.1.0
8 error command "/usr/local/Cellar/node/0.10.21/bin/node" "/usr/local/bin/npm" "install"
9 error cwd /Users/izqui/Dropbox/Projects/WakeUp/plugins/soundcloud
10 error node -v v0.10.21
11 error npm -v 1.3.11
12 error path /Users/izqui/Dropbox/Projects/WakeUp/plugins/soundcloud/package.json
13 error code ENOENT
14 error errno 34
15 verbose exit [ 34, true ]
